<?xml version="1.0" encoding="UTF-8"?>
<testsuites name="Test Suite 1" time="365" tests="0" failures="5" errors="0">
   <testsuite name="Test Suite 1" tests="0" failures="5" errors="0" time="365" timestamp="2561-04-24 10:23:54" hostname="Lenovo - 10.80.40.253" id="Test Suites/Test Suite 1">
      <properties>
         <property name="deviceName" value=""/>
         <property name="devicePlatform" value=""/>
         <property name="logFolder" value="C:\\Users\\Lenovo\\git\\Lab11_AutomateTest\\Reports\\Test Suite 1\\25610424_102352"/>
         <property name="logFiles" value="C:\\Users\\Lenovo\\git\\Lab11_AutomateTest\\Reports\\Test Suite 1\\25610424_102352\\execution0.log"/>
         <property name="attachments" value=""/>
         <property name="hostName" value="Lenovo - 10.80.40.253"/>
         <property name="hostAddress" value="10.80.40.253"/>
         <property name="os" value="Windows 10 64bit"/>
         <property name="katalonVersion" value="5.4.0.1"/>
      </properties>
      <testcase name="Test Cases/Test Case 1" classname="Test Cases/Test Case 1" status="FAILED">
         <failure type="FAILED" message="Unable to open browser with url: '' (Root cause: java.net.ConnectException: Unable to connect to browser on host localhost and port 29611 after 60000 seconds.)"/>
         <system-out><![CDATA[2561-04-24 10:23:54 - [TEST_CASE][FAILED] - Test Cases/Test Case 1: Test Cases/Test Case 1 FAILED because (of) Unable to open browser with url: '' (Root cause: java.net.ConnectException: Unable to connect to browser on host localhost and port 29611 after 60000 seconds.)

2561-04-24 10:23:54 - [TEST_STEP][FAILED] - openBrowser: Unable to open browser with url: '' (Root cause: java.net.ConnectException: Unable to connect to browser on host localhost and port 29611 after 60000 seconds.)

2561-04-24 10:24:55 - [MESSAGE][FAILED] - Unable to open browser with url: '' (Root cause: java.net.ConnectException: Unable to connect to browser on host localhost and port 29611 after 60000 seconds.)]]></system-out>
         <system-err><![CDATA[2561-04-24 10:23:54 - [TEST_CASE][FAILED] - Test Cases/Test Case 1: Test Cases/Test Case 1 FAILED because (of) Unable to open browser with url: '' (Root cause: java.net.ConnectException: Unable to connect to browser on host localhost and port 29611 after 60000 seconds.)]]></system-err>
      </testcase>
      <testcase name="Test Cases/Test Case 2" classname="Test Cases/Test Case 2" status="FAILED">
         <failure type="FAILED" message="Unable to open browser with url: '' (Root cause: java.net.ConnectException: Unable to connect to browser on host localhost and port 29611 after 60000 seconds.)"/>
         <system-out><![CDATA[2561-04-24 10:24:55 - [TEST_CASE][FAILED] - Test Cases/Test Case 2: Test Cases/Test Case 2 FAILED because (of) Unable to open browser with url: '' (Root cause: java.net.ConnectException: Unable to connect to browser on host localhost and port 29611 after 60000 seconds.)

2561-04-24 10:24:56 - [TEST_STEP][FAILED] - openBrowser: Unable to open browser with url: '' (Root cause: java.net.ConnectException: Unable to connect to browser on host localhost and port 29611 after 60000 seconds.)

2561-04-24 10:25:56 - [MESSAGE][FAILED] - Unable to open browser with url: '' (Root cause: java.net.ConnectException: Unable to connect to browser on host localhost and port 29611 after 60000 seconds.)]]></system-out>
         <system-err><![CDATA[2561-04-24 10:24:55 - [TEST_CASE][FAILED] - Test Cases/Test Case 2: Test Cases/Test Case 2 FAILED because (of) Unable to open browser with url: '' (Root cause: java.net.ConnectException: Unable to connect to browser on host localhost and port 29611 after 60000 seconds.)]]></system-err>
      </testcase>
      <testcase name="Test Cases/Test Case 3" classname="Test Cases/Test Case 3" status="FAILED">
         <failure type="FAILED" message="Unable to open browser with url: '' (Root cause: java.net.ConnectException: Unable to connect to browser on host localhost and port 29611 after 60000 seconds.)"/>
         <system-out><![CDATA[2561-04-24 10:25:56 - [TEST_CASE][FAILED] - Test Cases/Test Case 3: Test Cases/Test Case 3 FAILED because (of) Unable to open browser with url: '' (Root cause: java.net.ConnectException: Unable to connect to browser on host localhost and port 29611 after 60000 seconds.)

2561-04-24 10:25:56 - [TEST_STEP][FAILED] - openBrowser: Unable to open browser with url: '' (Root cause: java.net.ConnectException: Unable to connect to browser on host localhost and port 29611 after 60000 seconds.)

2561-04-24 10:26:57 - [MESSAGE][FAILED] - Unable to open browser with url: '' (Root cause: java.net.ConnectException: Unable to connect to browser on host localhost and port 29611 after 60000 seconds.)]]></system-out>
         <system-err><![CDATA[2561-04-24 10:25:56 - [TEST_CASE][FAILED] - Test Cases/Test Case 3: Test Cases/Test Case 3 FAILED because (of) Unable to open browser with url: '' (Root cause: java.net.ConnectException: Unable to connect to browser on host localhost and port 29611 after 60000 seconds.)]]></system-err>
      </testcase>
      <testcase name="Test Cases/Test Case 4" classname="Test Cases/Test Case 4" status="FAILED">
         <failure type="FAILED" message="Unable to open browser with url: '' (Root cause: java.net.ConnectException: Unable to connect to browser on host localhost and port 29611 after 60000 seconds.)"/>
         <system-out><![CDATA[2561-04-24 10:26:57 - [TEST_CASE][FAILED] - Test Cases/Test Case 4: Test Cases/Test Case 4 FAILED because (of) Unable to open browser with url: '' (Root cause: java.net.ConnectException: Unable to connect to browser on host localhost and port 29611 after 60000 seconds.)

2561-04-24 10:26:57 - [TEST_STEP][FAILED] - openBrowser: Unable to open browser with url: '' (Root cause: java.net.ConnectException: Unable to connect to browser on host localhost and port 29611 after 60000 seconds.)

2561-04-24 10:27:58 - [MESSAGE][FAILED] - Unable to open browser with url: '' (Root cause: java.net.ConnectException: Unable to connect to browser on host localhost and port 29611 after 60000 seconds.)]]></system-out>
         <system-err><![CDATA[2561-04-24 10:26:57 - [TEST_CASE][FAILED] - Test Cases/Test Case 4: Test Cases/Test Case 4 FAILED because (of) Unable to open browser with url: '' (Root cause: java.net.ConnectException: Unable to connect to browser on host localhost and port 29611 after 60000 seconds.)]]></system-err>
      </testcase>
      <testcase name="Test Cases/Test Case 5" classname="Test Cases/Test Case 5" status="FAILED">
         <failure type="FAILED" message="Unable to open browser with url: '' (Root cause: java.net.ConnectException: Unable to connect to browser on host localhost and port 29611 after 60000 seconds.)"/>
         <system-out><![CDATA[2561-04-24 10:27:58 - [TEST_CASE][FAILED] - Test Cases/Test Case 5: Test Cases/Test Case 5 FAILED because (of) Unable to open browser with url: '' (Root cause: java.net.ConnectException: Unable to connect to browser on host localhost and port 29611 after 60000 seconds.)

2561-04-24 10:27:58 - [TEST_STEP][FAILED] - openBrowser: Unable to open browser with url: '' (Root cause: java.net.ConnectException: Unable to connect to browser on host localhost and port 29611 after 60000 seconds.)

2561-04-24 10:28:58 - [MESSAGE][FAILED] - Unable to open browser with url: '' (Root cause: java.net.ConnectException: Unable to connect to browser on host localhost and port 29611 after 60000 seconds.)]]></system-out>
         <system-err><![CDATA[2561-04-24 10:27:58 - [TEST_CASE][FAILED] - Test Cases/Test Case 5: Test Cases/Test Case 5 FAILED because (of) Unable to open browser with url: '' (Root cause: java.net.ConnectException: Unable to connect to browser on host localhost and port 29611 after 60000 seconds.)]]></system-err>
      </testcase>
      <system-out><![CDATA[2561-04-24 10:23:54 - [TEST_SUITE][FAILED] - Test Suite 1: Test Cases/Test Case 1 FAILED because (of) Unable to open browser with url: '' (Root cause: java.net.ConnectException: Unable to connect to browser on host localhost and port 29611 after 60000 seconds.)]]></system-out>
      <system-err><![CDATA[2561-04-24 10:23:54 - [TEST_SUITE][FAILED] - Test Suite 1: Test Cases/Test Case 1 FAILED because (of) Unable to open browser with url: '' (Root cause: java.net.ConnectException: Unable to connect to browser on host localhost and port 29611 after 60000 seconds.)]]></system-err>
   </testsuite>
</testsuites>
